<?xml version="1.0" encoding="UTF-8"?>
  <pallet>
    <bag>droppy</bag>
  </pallet>